2024-12-26 17:14:44,227 - INFO - Начало обучения модели LogisticRegression с параметрами: LogisticRegression(C=1.0, max_iter=500)
2024-12-26 17:14:44,227 - INFO - Начало обучения модели LogisticRegression с параметрами: LogisticRegression(C=1.0, max_iter=500)
2024-12-26 17:14:44,227 - INFO - Начало обучения модели LogisticRegression с параметрами: LogisticRegression(C=1.0, max_iter=500)
2024-12-26 17:14:44,227 - INFO - Начало обучения модели LogisticRegression с параметрами: LogisticRegression(C=1.0, max_iter=500)
2024-12-26 17:14:45,234 - INFO - Процесс обучения модели LogisticRegression: 20% завершено
2024-12-26 17:14:45,234 - INFO - Процесс обучения модели LogisticRegression: 20% завершено
2024-12-26 17:14:45,234 - INFO - Процесс обучения модели LogisticRegression: 20% завершено
2024-12-26 17:14:45,234 - INFO - Процесс обучения модели LogisticRegression: 20% завершено
2024-12-26 17:14:46,243 - INFO - Процесс обучения модели LogisticRegression: 40% завершено
2024-12-26 17:14:46,243 - INFO - Процесс обучения модели LogisticRegression: 40% завершено
2024-12-26 17:14:46,243 - INFO - Процесс обучения модели LogisticRegression: 40% завершено
2024-12-26 17:14:46,243 - INFO - Процесс обучения модели LogisticRegression: 40% завершено
2024-12-26 17:14:47,250 - INFO - Процесс обучения модели LogisticRegression: 60% завершено
2024-12-26 17:14:47,250 - INFO - Процесс обучения модели LogisticRegression: 60% завершено
2024-12-26 17:14:47,250 - INFO - Процесс обучения модели LogisticRegression: 60% завершено
2024-12-26 17:14:47,250 - INFO - Процесс обучения модели LogisticRegression: 60% завершено
2024-12-26 17:14:48,263 - INFO - Процесс обучения модели LogisticRegression: 80% завершено
2024-12-26 17:14:48,263 - INFO - Процесс обучения модели LogisticRegression: 80% завершено
2024-12-26 17:14:48,263 - INFO - Процесс обучения модели LogisticRegression: 80% завершено
2024-12-26 17:14:48,263 - INFO - Процесс обучения модели LogisticRegression: 80% завершено
2024-12-26 17:14:49,275 - INFO - Процесс обучения модели LogisticRegression: 100% завершено
2024-12-26 17:14:49,275 - INFO - Процесс обучения модели LogisticRegression: 100% завершено
2024-12-26 17:14:49,275 - INFO - Процесс обучения модели LogisticRegression: 100% завершено
2024-12-26 17:14:49,275 - INFO - Процесс обучения модели LogisticRegression: 100% завершено
2024-12-26 17:14:49,276 - INFO - Обучение модели LogisticRegression завершено успешно!
2024-12-26 17:14:49,276 - INFO - Обучение модели LogisticRegression завершено успешно!
2024-12-26 17:14:49,276 - INFO - Обучение модели LogisticRegression завершено успешно!
2024-12-26 17:14:49,276 - INFO - Обучение модели LogisticRegression завершено успешно!
2024-12-26 17:24:15,813 - INFO - Начало обучения модели SVC с параметрами: SVC(C=1.0, kernel='rbf')
2024-12-26 17:24:15,813 - INFO - Начало обучения модели SVC с параметрами: SVC(C=1.0, kernel='rbf')
2024-12-26 17:24:15,813 - INFO - Начало обучения модели SVC с параметрами: SVC(C=1.0, kernel='rbf')
2024-12-26 17:24:16,815 - INFO - Процесс обучения модели SVC: 20% завершено
2024-12-26 17:24:16,815 - INFO - Процесс обучения модели SVC: 20% завершено
2024-12-26 17:24:16,815 - INFO - Процесс обучения модели SVC: 20% завершено
2024-12-26 17:24:17,827 - INFO - Процесс обучения модели SVC: 40% завершено
2024-12-26 17:24:17,827 - INFO - Процесс обучения модели SVC: 40% завершено
2024-12-26 17:24:17,827 - INFO - Процесс обучения модели SVC: 40% завершено
2024-12-26 17:24:18,841 - INFO - Процесс обучения модели SVC: 60% завершено
2024-12-26 17:24:18,841 - INFO - Процесс обучения модели SVC: 60% завершено
2024-12-26 17:24:18,841 - INFO - Процесс обучения модели SVC: 60% завершено
2024-12-26 17:24:19,844 - INFO - Процесс обучения модели SVC: 80% завершено
2024-12-26 17:24:19,844 - INFO - Процесс обучения модели SVC: 80% завершено
2024-12-26 17:24:19,844 - INFO - Процесс обучения модели SVC: 80% завершено
2024-12-26 17:24:20,847 - INFO - Процесс обучения модели SVC: 100% завершено
2024-12-26 17:24:20,847 - INFO - Процесс обучения модели SVC: 100% завершено
2024-12-26 17:24:20,847 - INFO - Процесс обучения модели SVC: 100% завершено
2024-12-26 17:24:20,848 - INFO - Обучение модели SVC завершено успешно!
2024-12-26 17:24:20,848 - INFO - Обучение модели SVC завершено успешно!
2024-12-26 17:24:20,848 - INFO - Обучение модели SVC завершено успешно!
2024-12-26 17:25:23,993 - INFO - Начало обучения модели SVC с параметрами: SVC(C=1.0, kernel='rbf')
2024-12-26 17:25:23,993 - INFO - Начало обучения модели SVC с параметрами: SVC(C=1.0, kernel='rbf')
2024-12-26 17:25:23,993 - INFO - Начало обучения модели SVC с параметрами: SVC(C=1.0, kernel='rbf')
2024-12-26 17:25:23,993 - INFO - Начало обучения модели SVC с параметрами: SVC(C=1.0, kernel='rbf')
2024-12-26 17:25:24,999 - INFO - Процесс обучения модели SVC: 20% завершено
2024-12-26 17:25:24,999 - INFO - Процесс обучения модели SVC: 20% завершено
2024-12-26 17:25:24,999 - INFO - Процесс обучения модели SVC: 20% завершено
2024-12-26 17:25:24,999 - INFO - Процесс обучения модели SVC: 20% завершено
2024-12-26 17:25:26,006 - INFO - Процесс обучения модели SVC: 40% завершено
2024-12-26 17:25:26,006 - INFO - Процесс обучения модели SVC: 40% завершено
2024-12-26 17:25:26,006 - INFO - Процесс обучения модели SVC: 40% завершено
2024-12-26 17:25:26,006 - INFO - Процесс обучения модели SVC: 40% завершено
2024-12-26 17:25:27,016 - INFO - Процесс обучения модели SVC: 60% завершено
2024-12-26 17:25:27,016 - INFO - Процесс обучения модели SVC: 60% завершено
2024-12-26 17:25:27,016 - INFO - Процесс обучения модели SVC: 60% завершено
2024-12-26 17:25:27,016 - INFO - Процесс обучения модели SVC: 60% завершено
2024-12-26 17:25:28,017 - INFO - Процесс обучения модели SVC: 80% завершено
2024-12-26 17:25:28,017 - INFO - Процесс обучения модели SVC: 80% завершено
2024-12-26 17:25:28,017 - INFO - Процесс обучения модели SVC: 80% завершено
2024-12-26 17:25:28,017 - INFO - Процесс обучения модели SVC: 80% завершено
2024-12-26 17:25:29,021 - INFO - Процесс обучения модели SVC: 100% завершено
2024-12-26 17:25:29,021 - INFO - Процесс обучения модели SVC: 100% завершено
2024-12-26 17:25:29,021 - INFO - Процесс обучения модели SVC: 100% завершено
2024-12-26 17:25:29,021 - INFO - Процесс обучения модели SVC: 100% завершено
2024-12-26 17:25:29,021 - INFO - Обучение модели SVC завершено успешно!
2024-12-26 17:25:29,021 - INFO - Обучение модели SVC завершено успешно!
2024-12-26 17:25:29,021 - INFO - Обучение модели SVC завершено успешно!
2024-12-26 17:25:29,021 - INFO - Обучение модели SVC завершено успешно!
2024-12-26 17:27:12,024 - INFO - Начало обучения модели SVC с параметрами: SVC(C=1.0, kernel='rbf')
2024-12-26 17:27:12,024 - INFO - Начало обучения модели SVC с параметрами: SVC(C=1.0, kernel='rbf')
2024-12-26 17:27:12,024 - INFO - Начало обучения модели SVC с параметрами: SVC(C=1.0, kernel='rbf')
2024-12-26 17:27:12,024 - INFO - Начало обучения модели SVC с параметрами: SVC(C=1.0, kernel='rbf')
2024-12-26 17:27:12,024 - INFO - Начало обучения модели SVC с параметрами: SVC(C=1.0, kernel='rbf')
2024-12-26 17:27:13,025 - INFO - Процесс обучения модели SVC: 20% завершено
2024-12-26 17:27:13,025 - INFO - Процесс обучения модели SVC: 20% завершено
2024-12-26 17:27:13,025 - INFO - Процесс обучения модели SVC: 20% завершено
2024-12-26 17:27:13,025 - INFO - Процесс обучения модели SVC: 20% завершено
2024-12-26 17:27:13,025 - INFO - Процесс обучения модели SVC: 20% завершено
2024-12-26 17:27:14,031 - INFO - Процесс обучения модели SVC: 40% завершено
2024-12-26 17:27:14,031 - INFO - Процесс обучения модели SVC: 40% завершено
2024-12-26 17:27:14,031 - INFO - Процесс обучения модели SVC: 40% завершено
2024-12-26 17:27:14,031 - INFO - Процесс обучения модели SVC: 40% завершено
2024-12-26 17:27:14,031 - INFO - Процесс обучения модели SVC: 40% завершено
2024-12-26 17:27:15,038 - INFO - Процесс обучения модели SVC: 60% завершено
2024-12-26 17:27:15,038 - INFO - Процесс обучения модели SVC: 60% завершено
2024-12-26 17:27:15,038 - INFO - Процесс обучения модели SVC: 60% завершено
2024-12-26 17:27:15,038 - INFO - Процесс обучения модели SVC: 60% завершено
2024-12-26 17:27:15,038 - INFO - Процесс обучения модели SVC: 60% завершено
2024-12-26 17:27:16,045 - INFO - Процесс обучения модели SVC: 80% завершено
2024-12-26 17:27:16,045 - INFO - Процесс обучения модели SVC: 80% завершено
2024-12-26 17:27:16,045 - INFO - Процесс обучения модели SVC: 80% завершено
2024-12-26 17:27:16,045 - INFO - Процесс обучения модели SVC: 80% завершено
2024-12-26 17:27:16,045 - INFO - Процесс обучения модели SVC: 80% завершено
2024-12-26 17:27:17,057 - INFO - Процесс обучения модели SVC: 100% завершено
2024-12-26 17:27:17,057 - INFO - Процесс обучения модели SVC: 100% завершено
2024-12-26 17:27:17,057 - INFO - Процесс обучения модели SVC: 100% завершено
2024-12-26 17:27:17,057 - INFO - Процесс обучения модели SVC: 100% завершено
2024-12-26 17:27:17,057 - INFO - Процесс обучения модели SVC: 100% завершено
2024-12-26 17:27:17,058 - INFO - Обучение модели SVC завершено успешно!
2024-12-26 17:27:17,058 - INFO - Обучение модели SVC завершено успешно!
2024-12-26 17:27:17,058 - INFO - Обучение модели SVC завершено успешно!
2024-12-26 17:27:17,058 - INFO - Обучение модели SVC завершено успешно!
2024-12-26 17:27:17,058 - INFO - Обучение модели SVC завершено успешно!
2024-12-26 17:27:18,489 - INFO - Начало обучения модели SVC с параметрами: SVC(C=1.0, kernel='rbf')
2024-12-26 17:27:18,489 - INFO - Начало обучения модели SVC с параметрами: SVC(C=1.0, kernel='rbf')
2024-12-26 17:27:18,489 - INFO - Начало обучения модели SVC с параметрами: SVC(C=1.0, kernel='rbf')
2024-12-26 17:27:18,489 - INFO - Начало обучения модели SVC с параметрами: SVC(C=1.0, kernel='rbf')
2024-12-26 17:27:18,489 - INFO - Начало обучения модели SVC с параметрами: SVC(C=1.0, kernel='rbf')
2024-12-26 17:27:18,489 - INFO - Начало обучения модели SVC с параметрами: SVC(C=1.0, kernel='rbf')
2024-12-26 17:27:19,495 - INFO - Процесс обучения модели SVC: 20% завершено
2024-12-26 17:27:19,495 - INFO - Процесс обучения модели SVC: 20% завершено
2024-12-26 17:27:19,495 - INFO - Процесс обучения модели SVC: 20% завершено
2024-12-26 17:27:19,495 - INFO - Процесс обучения модели SVC: 20% завершено
2024-12-26 17:27:19,495 - INFO - Процесс обучения модели SVC: 20% завершено
2024-12-26 17:27:19,495 - INFO - Процесс обучения модели SVC: 20% завершено
2024-12-26 17:27:20,503 - INFO - Процесс обучения модели SVC: 40% завершено
2024-12-26 17:27:20,503 - INFO - Процесс обучения модели SVC: 40% завершено
2024-12-26 17:27:20,503 - INFO - Процесс обучения модели SVC: 40% завершено
2024-12-26 17:27:20,503 - INFO - Процесс обучения модели SVC: 40% завершено
2024-12-26 17:27:20,503 - INFO - Процесс обучения модели SVC: 40% завершено
2024-12-26 17:27:20,503 - INFO - Процесс обучения модели SVC: 40% завершено
2024-12-26 17:27:21,513 - INFO - Процесс обучения модели SVC: 60% завершено
2024-12-26 17:27:21,513 - INFO - Процесс обучения модели SVC: 60% завершено
2024-12-26 17:27:21,513 - INFO - Процесс обучения модели SVC: 60% завершено
2024-12-26 17:27:21,513 - INFO - Процесс обучения модели SVC: 60% завершено
2024-12-26 17:27:21,513 - INFO - Процесс обучения модели SVC: 60% завершено
2024-12-26 17:27:21,513 - INFO - Процесс обучения модели SVC: 60% завершено
2024-12-26 17:27:22,522 - INFO - Процесс обучения модели SVC: 80% завершено
2024-12-26 17:27:22,522 - INFO - Процесс обучения модели SVC: 80% завершено
2024-12-26 17:27:22,522 - INFO - Процесс обучения модели SVC: 80% завершено
2024-12-26 17:27:22,522 - INFO - Процесс обучения модели SVC: 80% завершено
2024-12-26 17:27:22,522 - INFO - Процесс обучения модели SVC: 80% завершено
2024-12-26 17:27:22,522 - INFO - Процесс обучения модели SVC: 80% завершено
2024-12-26 17:27:23,535 - INFO - Процесс обучения модели SVC: 100% завершено
2024-12-26 17:27:23,535 - INFO - Процесс обучения модели SVC: 100% завершено
2024-12-26 17:27:23,535 - INFO - Процесс обучения модели SVC: 100% завершено
2024-12-26 17:27:23,535 - INFO - Процесс обучения модели SVC: 100% завершено
2024-12-26 17:27:23,535 - INFO - Процесс обучения модели SVC: 100% завершено
2024-12-26 17:27:23,535 - INFO - Процесс обучения модели SVC: 100% завершено
2024-12-26 17:27:23,536 - INFO - Обучение модели SVC завершено успешно!
2024-12-26 17:27:23,536 - INFO - Обучение модели SVC завершено успешно!
2024-12-26 17:27:23,536 - INFO - Обучение модели SVC завершено успешно!
2024-12-26 17:27:23,536 - INFO - Обучение модели SVC завершено успешно!
2024-12-26 17:27:23,536 - INFO - Обучение модели SVC завершено успешно!
2024-12-26 17:27:23,536 - INFO - Обучение модели SVC завершено успешно!
2024-12-26 17:27:46,637 - INFO - Начало обучения модели SVC с параметрами: SVC(C=1.0, kernel='rbf')
2024-12-26 17:27:46,637 - INFO - Начало обучения модели SVC с параметрами: SVC(C=1.0, kernel='rbf')
2024-12-26 17:27:46,637 - INFO - Начало обучения модели SVC с параметрами: SVC(C=1.0, kernel='rbf')
2024-12-26 17:27:46,637 - INFO - Начало обучения модели SVC с параметрами: SVC(C=1.0, kernel='rbf')
2024-12-26 17:27:46,637 - INFO - Начало обучения модели SVC с параметрами: SVC(C=1.0, kernel='rbf')
2024-12-26 17:27:46,637 - INFO - Начало обучения модели SVC с параметрами: SVC(C=1.0, kernel='rbf')
2024-12-26 17:27:46,637 - INFO - Начало обучения модели SVC с параметрами: SVC(C=1.0, kernel='rbf')
2024-12-26 17:27:47,643 - INFO - Процесс обучения модели SVC: 20% завершено
2024-12-26 17:27:47,643 - INFO - Процесс обучения модели SVC: 20% завершено
2024-12-26 17:27:47,643 - INFO - Процесс обучения модели SVC: 20% завершено
2024-12-26 17:27:47,643 - INFO - Процесс обучения модели SVC: 20% завершено
2024-12-26 17:27:47,643 - INFO - Процесс обучения модели SVC: 20% завершено
2024-12-26 17:27:47,643 - INFO - Процесс обучения модели SVC: 20% завершено
2024-12-26 17:27:47,643 - INFO - Процесс обучения модели SVC: 20% завершено
2024-12-26 17:27:48,651 - INFO - Процесс обучения модели SVC: 40% завершено
2024-12-26 17:27:48,651 - INFO - Процесс обучения модели SVC: 40% завершено
2024-12-26 17:27:48,651 - INFO - Процесс обучения модели SVC: 40% завершено
2024-12-26 17:27:48,651 - INFO - Процесс обучения модели SVC: 40% завершено
2024-12-26 17:27:48,651 - INFO - Процесс обучения модели SVC: 40% завершено
2024-12-26 17:27:48,651 - INFO - Процесс обучения модели SVC: 40% завершено
2024-12-26 17:27:48,651 - INFO - Процесс обучения модели SVC: 40% завершено
2024-12-26 17:27:49,665 - INFO - Процесс обучения модели SVC: 60% завершено
2024-12-26 17:27:49,665 - INFO - Процесс обучения модели SVC: 60% завершено
2024-12-26 17:27:49,665 - INFO - Процесс обучения модели SVC: 60% завершено
2024-12-26 17:27:49,665 - INFO - Процесс обучения модели SVC: 60% завершено
2024-12-26 17:27:49,665 - INFO - Процесс обучения модели SVC: 60% завершено
2024-12-26 17:27:49,665 - INFO - Процесс обучения модели SVC: 60% завершено
2024-12-26 17:27:49,665 - INFO - Процесс обучения модели SVC: 60% завершено
2024-12-26 17:27:50,679 - INFO - Процесс обучения модели SVC: 80% завершено
2024-12-26 17:27:50,679 - INFO - Процесс обучения модели SVC: 80% завершено
2024-12-26 17:27:50,679 - INFO - Процесс обучения модели SVC: 80% завершено
2024-12-26 17:27:50,679 - INFO - Процесс обучения модели SVC: 80% завершено
2024-12-26 17:27:50,679 - INFO - Процесс обучения модели SVC: 80% завершено
2024-12-26 17:27:50,679 - INFO - Процесс обучения модели SVC: 80% завершено
2024-12-26 17:27:50,679 - INFO - Процесс обучения модели SVC: 80% завершено
2024-12-26 17:27:51,692 - INFO - Процесс обучения модели SVC: 100% завершено
2024-12-26 17:27:51,692 - INFO - Процесс обучения модели SVC: 100% завершено
2024-12-26 17:27:51,692 - INFO - Процесс обучения модели SVC: 100% завершено
2024-12-26 17:27:51,692 - INFO - Процесс обучения модели SVC: 100% завершено
2024-12-26 17:27:51,692 - INFO - Процесс обучения модели SVC: 100% завершено
2024-12-26 17:27:51,692 - INFO - Процесс обучения модели SVC: 100% завершено
2024-12-26 17:27:51,692 - INFO - Процесс обучения модели SVC: 100% завершено
2024-12-26 17:27:51,692 - INFO - Обучение модели SVC завершено успешно!
2024-12-26 17:27:51,692 - INFO - Обучение модели SVC завершено успешно!
2024-12-26 17:27:51,692 - INFO - Обучение модели SVC завершено успешно!
2024-12-26 17:27:51,692 - INFO - Обучение модели SVC завершено успешно!
2024-12-26 17:27:51,692 - INFO - Обучение модели SVC завершено успешно!
2024-12-26 17:27:51,692 - INFO - Обучение модели SVC завершено успешно!
2024-12-26 17:27:51,692 - INFO - Обучение модели SVC завершено успешно!
