Модель SVC успешно обучена с точностью 0.4488888888888889.
Все данные и модели удалены.
Все данные и модели удалены.
Модель svc_model успешно обучена с точностью 0.4066666666666667.
Все данные и модели удалены.
Модель rf_model успешно обучена с точностью 0.4711111111111111.
Модель rf_model успешно обучена с точностью 0.49777777777777776.
Модель rf_model успешно обучена с точностью 0.32222222222222224.
Модель rf_model успешно обучена с точностью 0.5916666666666667.
Модель rf_model успешно обучена с точностью 0.44466666666666665.
Модель rf_model успешно обучена с точностью 0.6026666666666667.
Все данные и модели удалены.
Все данные и модели удалены.
Модель svc_model успешно обучена с точностью 0.4533333333333333.
Модель logreg_model успешно обучена с точностью 0.28888888888888886.
Модель logreg_model успешно обучена с точностью 0.27111111111111114.
Модель rf_model успешно обучена с точностью 0.4022222222222222.
Ошибка при предсказании: 404: Модель с ID 'rf_model-' не найдена.
Все данные и модели удалены.
Все данные и модели удалены.
Все данные и модели удалены.
Модель svc_model успешно обучена с точностью 0.4311111111111111.
Все данные и модели удалены.
